<?xml version="1.0"?>
<testsuite name="HeadlessChrome 70.0.3538 (Mac OS X 10.13.6)" package="" timestamp="2019-02-15T17:39:26" id="0" hostname="MRMIOMP2146.local" tests="10" errors="0" failures="0" time="0.181">
  <properties>
    <property name="browser.fullName" value="Mozilla/5.0 (Macintosh; Intel Mac OS X 10_13_6) AppleWebKit/537.36 (KHTML, like Gecko) HeadlessChrome/70.0.3538.110 Safari/537.36"/>
  </properties>
  <testcase name="AppComponent should create the app" time="0.095" classname="AppComponent"/>
  <testcase name="AppComponent should have as title 'test-angular-app'" time="0.031" classname="AppComponent"/>
  <testcase name="AppComponent should render title in a h1 tag" time="0.025" classname="AppComponent"/>
  <testcase name="Hello-World-Service-Service should be created" time="0.007" classname="Hello-World-Service-Service"/>
  <testcase name="Hello-World-Service-Service test the add function" time="0.006" classname="Hello-World-Service-Service"/>
  <testcase name="Hello-World-Service-Service should perform addition correctly" time="0.004" classname="Hello-World-Service-Service"/>
  <testcase name="Hello-World-Service-Service should perform concatination correctly" time="0.01" classname="Hello-World-Service-Service"/>
  <testcase name="helloworld check a static string to be" time="0.001" classname="helloworld"/>
  <testcase name="helloworld check a static string not to be" time="0.001" classname="helloworld"/>
  <testcase name="helloworld check a static string regex match" time="0.001" classname="helloworld"/>
  <system-out>
    <![CDATA[
]]>
  </system-out>
  <system-err/>
</testsuite>